#
# There is insufficient memory for the Java Runtime Environment to continue.
# Native memory allocation (malloc) failed to allocate 1114096 bytes for Chunk::new
# Possible reasons:
#   The system is out of physical RAM or swap space
#   The process is running with CompressedOops enabled, and the Java Heap may be blocking the growth of the native heap
# Possible solutions:
#   Reduce memory load on the system
#   Increase physical memory or swap space
#   Check if swap backing store is full
#   Decrease Java heap size (-Xmx/-Xms)
#   Decrease number of Java threads
#   Decrease Java thread stack sizes (-Xss)
#   Set larger code cache with -XX:ReservedCodeCacheSize=
#   JVM is running with Unscaled Compressed Oops mode in which the Java heap is
#     placed in the first 4GB address space. The Java Heap base address is the
#     maximum limit for the native heap growth. Please use -XX:HeapBaseMinAddress
#     to set the Java Heap base and to place the Java Heap above 4GB virtual address.
# This output file may be truncated or incomplete.
#
#  Out of Memory Error (allocation.cpp:389), pid=9396, tid=0x0000000000002fec
#
# JRE version: Java(TM) SE Runtime Environment (8.0_211-b12) (build 1.8.0_211-b12)
# Java VM: Java HotSpot(TM) 64-Bit Server VM (25.211-b12 mixed mode windows-amd64 compressed oops)
# Failed to write core dump. Minidumps are not enabled by default on client versions of Windows
#

---------------  T H R E A D  ---------------

Current thread (0x0000000014741000):  JavaThread "C2 CompilerThread0" daemon [_thread_in_native, id=12268, stack(0x0000000015da0000,0x0000000015ea0000)]

Stack: [0x0000000015da0000,0x0000000015ea0000]
[error occurred during error reporting (printing stack bounds), id 0xc0000005]

Native frames: (J=compiled Java code, j=interpreted, Vv=VM code, C=native code)


Current CompileTask:
C2:   3317 1405   !   4       java.net.URLClassLoader$1::run (63 bytes)


---------------  P R O C E S S  ---------------

Java Threads: ( => current thread )
  0x0000000017cb3800 JavaThread "Cache worker for journal cache (C:\Users\HELLO\.gradle\caches\journal-1)" [_thread_blocked, id=6020, stack(0x00000000192f0000,0x00000000193f0000)]
  0x0000000017cb9000 JavaThread "File lock request listener" [_thread_in_native, id=14424, stack(0x00000000191f0000,0x00000000192f0000)]
  0x0000000017cba800 JavaThread "Cache worker for file hash cache (C:\Users\HELLO\.gradle\caches\5.5\fileHashes)" [_thread_blocked, id=19564, stack(0x00000000190f0000,0x00000000191f0000)]
  0x0000000017a31800 JavaThread "Thread-9" [_thread_blocked, id=20296, stack(0x0000000018ff0000,0x00000000190f0000)]
  0x0000000017a2d800 JavaThread "Stdin handler" [_thread_blocked, id=19120, stack(0x0000000018ef0000,0x0000000018ff0000)]
  0x0000000017a28000 JavaThread "Asynchronous log dispatcher for DefaultDaemonConnection: socket connection from /127.0.0.1:64781 to /127.0.0.1:64782" [_thread_blocked, id=15604, stack(0x0000000018df0000,0x0000000018ef0000)]
  0x0000000017a0c800 JavaThread "Daemon worker" [_thread_in_native, id=8084, stack(0x0000000018af0000,0x0000000018bf0000)]
  0x0000000017a0b000 JavaThread "Cancel handler" [_thread_blocked, id=19336, stack(0x00000000189f0000,0x0000000018af0000)]
  0x0000000017a01800 JavaThread "Handler for socket connection from /127.0.0.1:64781 to /127.0.0.1:64782" [_thread_in_native, id=19360, stack(0x00000000188f0000,0x00000000189f0000)]
  0x0000000017a04000 JavaThread "Daemon" [_thread_blocked, id=11012, stack(0x00000000187f0000,0x00000000188f0000)]
  0x00000000179eb800 JavaThread "Daemon periodic checks" [_thread_blocked, id=7980, stack(0x00000000186f0000,0x00000000187f0000)]
  0x000000001799d800 JavaThread "Incoming local TCP Connector on port 64781" [_thread_in_native, id=9628, stack(0x00000000184b0000,0x00000000185b0000)]
  0x00000000178b6800 JavaThread "Daemon health stats" [_thread_blocked, id=15240, stack(0x0000000017e70000,0x0000000017f70000)]
  0x000000001479d800 JavaThread "Service Thread" daemon [_thread_blocked, id=11840, stack(0x00000000164a0000,0x00000000165a0000)]
  0x0000000014759000 JavaThread "C1 CompilerThread2" daemon [_thread_blocked, id=12572, stack(0x0000000015fa0000,0x00000000160a0000)]
  0x0000000014744000 JavaThread "C2 CompilerThread1" daemon [_thread_in_native, id=20340, stack(0x0000000015ea0000,0x0000000015fa0000)]
=>0x0000000014741000 JavaThread "C2 CompilerThread0" daemon [_thread_in_native, id=12268, stack(0x0000000015da0000,0x0000000015ea0000)]
  0x000000001474f000 JavaThread "Attach Listener" daemon [_thread_blocked, id=19500, stack(0x0000000015ca0000,0x0000000015da0000)]
  0x000000001474e000 JavaThread "Signal Dispatcher" daemon [_thread_blocked, id=2820, stack(0x0000000015ba0000,0x0000000015ca0000)]
  0x000000000331e000 JavaThread "Finalizer" daemon [_thread_blocked, id=14748, stack(0x00000000159a0000,0x0000000015aa0000)]
  0x0000000003313800 JavaThread "Reference Handler" daemon [_thread_blocked, id=15128, stack(0x00000000158a0000,0x00000000159a0000)]
  0x0000000003223800 JavaThread "main" [_thread_blocked, id=19348, stack(0x0000000003080000,0x0000000003180000)]

Other Threads:
  0x0000000014707800 VMThread [stack: 0x00000000157a0000,0x00000000158a0000] [id=18564]
  0x00000000160fb000 WatcherThread [stack: 0x00000000165a0000,0x00000000166a0000] [id=1468]

VM state:not at safepoint (normal execution)

VM Mutex/Monitor currently owned by a thread: None

heap address: 0x00000000e0000000, size: 512 MB, Compressed Oops mode: 32-bit
Narrow klass base: 0x0000000000000000, Narrow klass shift: 3
Compressed class space size: 1073741824 Address: 0x0000000100000000

Heap:
 PSYoungGen      total 76288K, used 15056K [0x00000000f5580000, 0x00000000faa80000, 0x0000000100000000)
  eden space 65536K, 7% used [0x00000000f5580000,0x00000000f5a499c8,0x00000000f9580000)
  from space 10752K, 94% used [0x00000000fa000000,0x00000000fa9ea840,0x00000000faa80000)
  to   space 10752K, 0% used [0x00000000f9580000,0x00000000f9580000,0x00000000fa000000)
 ParOldGen       total 175104K, used 24K [0x00000000e0000000, 0x00000000eab00000, 0x00000000f5580000)
  object space 175104K, 0% used [0x00000000e0000000,0x00000000e0006000,0x00000000eab00000)
 Metaspace       used 15489K, capacity 15864K, committed 16000K, reserved 1062912K
  class space    used 2260K, capacity 2426K, committed 2432K, reserved 1048576K

Card table byte_map: [0x00000000126e0000,0x00000000127f0000] byte_map_base: 0x0000000011fe0000

Marking Bits: (ParMarkBitMap*) 0x000000006ab95ce0
 Begin Bits: [0x0000000012ca0000, 0x00000000134a0000)
 End Bits:   [0x00000000134a0000, 0x0000000013ca0000)

Polling page: 0x0000000003060000

CodeCache: size=245760Kb used=5130Kb max_used=5130Kb free=240629Kb
 bounds [0x0000000003320000, 0x0000000003830000, 0x0000000012320000]
 total_blobs=1858 nmethods=1470 adapters=300
 compilation: enabled

Compilation events (10 events):
Event: 3.202 Thread 0x0000000014759000 1471       3       sun.misc.ProxyGenerator$ConstantPool$IndirectEntry::write (61 bytes)
Event: 3.202 Thread 0x0000000014759000 nmethod 1471 0x0000000003822490 code [0x0000000003822680, 0x0000000003823188]
Event: 3.206 Thread 0x0000000014759000 1472       3       org.gradle.internal.service.DefaultServiceRegistry$SingletonService::getService (18 bytes)
Event: 3.206 Thread 0x0000000014759000 nmethod 1472 0x0000000003823550 code [0x00000000038236e0, 0x0000000003823958]
Event: 3.206 Thread 0x0000000014759000 1473       3       org.gradle.internal.service.DefaultServiceRegistry::access$1200 (6 bytes)
Event: 3.206 Thread 0x0000000014759000 nmethod 1473 0x0000000003823a50 code [0x0000000003823bc0, 0x0000000003823d28]
Event: 3.219 Thread 0x0000000014759000 1474       3       sun.reflect.ReflectionFactory::inflationThreshold (4 bytes)
Event: 3.219 Thread 0x0000000014759000 nmethod 1474 0x0000000003823dd0 code [0x0000000003823f20, 0x0000000003824050]
Event: 3.227 Thread 0x0000000014759000 1475       3       java.lang.Throwable::<init> (39 bytes)
Event: 3.228 Thread 0x0000000014759000 nmethod 1475 0x00000000038240d0 code [0x0000000003824240, 0x0000000003824548]

GC Heap History (4 events):
Event: 1.242 GC heap before
{Heap before GC invocations=1 (full 0):
 PSYoungGen      total 76288K, used 65536K [0x00000000f5580000, 0x00000000faa80000, 0x0000000100000000)
  eden space 65536K, 100% used [0x00000000f5580000,0x00000000f9580000,0x00000000f9580000)
  from space 10752K, 0% used [0x00000000fa000000,0x00000000fa000000,0x00000000faa80000)
  to   space 10752K, 0% used [0x00000000f9580000,0x00000000f9580000,0x00000000fa000000)
 ParOldGen       total 175104K, used 0K [0x00000000e0000000, 0x00000000eab00000, 0x00000000f5580000)
  object space 175104K, 0% used [0x00000000e0000000,0x00000000e0000000,0x00000000eab00000)
 Metaspace       used 7526K, capacity 7802K, committed 8064K, reserved 1056768K
  class space    used 994K, capacity 1077K, committed 1152K, reserved 1048576K
Event: 1.254 GC heap after
Heap after GC invocations=1 (full 0):
 PSYoungGen      total 76288K, used 6235K [0x00000000f5580000, 0x00000000faa80000, 0x0000000100000000)
  eden space 65536K, 0% used [0x00000000f5580000,0x00000000f5580000,0x00000000f9580000)
  from space 10752K, 57% used [0x00000000f9580000,0x00000000f9b96e98,0x00000000fa000000)
  to   space 10752K, 0% used [0x00000000fa000000,0x00000000fa000000,0x00000000faa80000)
 ParOldGen       total 175104K, used 16K [0x00000000e0000000, 0x00000000eab00000, 0x00000000f5580000)
  object space 175104K, 0% used [0x00000000e0000000,0x00000000e0004000,0x00000000eab00000)
 Metaspace       used 7526K, capacity 7802K, committed 8064K, reserved 1056768K
  class space    used 994K, capacity 1077K, committed 1152K, reserved 1048576K
}
Event: 3.177 GC heap before
{Heap before GC invocations=2 (full 0):
 PSYoungGen      total 76288K, used 71771K [0x00000000f5580000, 0x00000000faa80000, 0x0000000100000000)
  eden space 65536K, 100% used [0x00000000f5580000,0x00000000f9580000,0x00000000f9580000)
  from space 10752K, 57% used [0x00000000f9580000,0x00000000f9b96e98,0x00000000fa000000)
  to   space 10752K, 0% used [0x00000000fa000000,0x00000000fa000000,0x00000000faa80000)
 ParOldGen       total 175104K, used 16K [0x00000000e0000000, 0x00000000eab00000, 0x00000000f5580000)
  object space 175104K, 0% used [0x00000000e0000000,0x00000000e0004000,0x00000000eab00000)
 Metaspace       used 15071K, capacity 15384K, committed 15744K, reserved 1062912K
  class space    used 2189K, capacity 2330K, committed 2432K, reserved 1048576K
Event: 3.189 GC heap after
Heap after GC invocations=2 (full 0):
 PSYoungGen      total 76288K, used 10154K [0x00000000f5580000, 0x00000000faa80000, 0x0000000100000000)
  eden space 65536K, 0% used [0x00000000f5580000,0x00000000f5580000,0x00000000f9580000)
  from space 10752K, 94% used [0x00000000fa000000,0x00000000fa9ea840,0x00000000faa80000)
  to   space 10752K, 0% used [0x00000000f9580000,0x00000000f9580000,0x00000000fa000000)
 ParOldGen       total 175104K, used 24K [0x00000000e0000000, 0x00000000eab00000, 0x00000000f5580000)
  object space 175104K, 0% used [0x00000000e0000000,0x00000000e0006000,0x00000000eab00000)
 Metaspace       used 15071K, capacity 15384K, committed 15744K, reserved 1062912K
  class space    used 2189K, capacity 2330K, committed 2432K, reserved 1048576K
}

Deoptimization events (10 events):
Event: 1.923 Thread 0x0000000003223800 Uncommon trap: reason=unstable_if action=reinterpret pc=0x00000000035d5218 method=java.io.WinNTFileSystem.normalize(Ljava/lang/String;)Ljava/lang/String; @ 128
Event: 1.923 Thread 0x0000000003223800 Uncommon trap: reason=unstable_if action=reinterpret pc=0x000000000362964c method=java.io.WinNTFileSystem.normalize(Ljava/lang/String;II)Ljava/lang/String; @ 90
Event: 2.731 Thread 0x0000000017a0c800 Uncommon trap: reason=bimorphic action=maybe_recompile pc=0x000000000359b2e8 method=java.util.HashMap.putVal(ILjava/lang/Object;Ljava/lang/Object;ZZ)Ljava/lang/Object; @ 253
Event: 2.731 Thread 0x0000000017a0c800 Uncommon trap: reason=bimorphic action=maybe_recompile pc=0x000000000359b2e8 method=java.util.HashMap.putVal(ILjava/lang/Object;Ljava/lang/Object;ZZ)Ljava/lang/Object; @ 253
Event: 2.731 Thread 0x0000000017a0c800 Uncommon trap: reason=bimorphic action=maybe_recompile pc=0x000000000359b2e8 method=java.util.HashMap.putVal(ILjava/lang/Object;Ljava/lang/Object;ZZ)Ljava/lang/Object; @ 253
Event: 2.902 Thread 0x0000000017a0c800 Uncommon trap: reason=class_check action=maybe_recompile pc=0x00000000035ebb98 method=java.util.regex.Matcher.match(II)Z @ 86
Event: 2.913 Thread 0x0000000017a0c800 Uncommon trap: reason=class_check action=maybe_recompile pc=0x00000000035ebb98 method=java.util.regex.Matcher.match(II)Z @ 86
Event: 2.914 Thread 0x0000000017a0c800 Uncommon trap: reason=class_check action=maybe_recompile pc=0x00000000035ebb98 method=java.util.regex.Matcher.match(II)Z @ 86
Event: 2.914 Thread 0x0000000017a0c800 Uncommon trap: reason=class_check action=maybe_recompile pc=0x00000000035a8b1c method=java.util.regex.Matcher.match(II)Z @ 86
Event: 3.143 Thread 0x0000000017a0c800 Uncommon trap: reason=unstable_if action=reinterpret pc=0x00000000036e53f4 method=java.lang.String.lastIndexOf([CII[CIII)I @ 66

Classes redefined (0 events):
No events

Internal exceptions (10 events):
Event: 0.416 Thread 0x0000000003223800 Exception <a 'java/lang/ArrayIndexOutOfBoundsException'> (0x00000000f66c5c38) thrown at [C:\re\workspace\8-2-build-windows-amd64-cygwin\jdk8u211\12973\hotspot\src\share\vm\runtime\sharedRuntime.cpp, line 605]
Event: 0.417 Thread 0x0000000003223800 Exception <a 'java/lang/ArrayIndexOutOfBoundsException'> (0x00000000f66e3f40) thrown at [C:\re\workspace\8-2-build-windows-amd64-cygwin\jdk8u211\12973\hotspot\src\share\vm\runtime\sharedRuntime.cpp, line 605]
Event: 0.417 Thread 0x0000000003223800 Exception <a 'java/lang/ArrayIndexOutOfBoundsException'> (0x00000000f66f0808) thrown at [C:\re\workspace\8-2-build-windows-amd64-cygwin\jdk8u211\12973\hotspot\src\share\vm\runtime\sharedRuntime.cpp, line 605]
Event: 0.417 Thread 0x0000000003223800 Exception <a 'java/lang/ArrayIndexOutOfBoundsException'> (0x00000000f66f2848) thrown at [C:\re\workspace\8-2-build-windows-amd64-cygwin\jdk8u211\12973\hotspot\src\share\vm\runtime\sharedRuntime.cpp, line 605]
Event: 0.418 Thread 0x0000000003223800 Exception <a 'java/lang/ArrayIndexOutOfBoundsException'> (0x00000000f6706e38) thrown at [C:\re\workspace\8-2-build-windows-amd64-cygwin\jdk8u211\12973\hotspot\src\share\vm\runtime\sharedRuntime.cpp, line 605]
Event: 0.419 Thread 0x0000000003223800 Exception <a 'java/lang/ArrayIndexOutOfBoundsException'> (0x00000000f6712550) thrown at [C:\re\workspace\8-2-build-windows-amd64-cygwin\jdk8u211\12973\hotspot\src\share\vm\runtime\sharedRuntime.cpp, line 605]
Event: 0.419 Thread 0x0000000003223800 Exception <a 'java/lang/ArrayIndexOutOfBoundsException'> (0x00000000f671fa78) thrown at [C:\re\workspace\8-2-build-windows-amd64-cygwin\jdk8u211\12973\hotspot\src\share\vm\runtime\sharedRuntime.cpp, line 605]
Event: 1.352 Thread 0x0000000003223800 Exception <a 'java/lang/NoSuchFieldError': method resolution failed> (0x00000000f5beaa38) thrown at [C:\re\workspace\8-2-build-windows-amd64-cygwin\jdk8u211\12973\hotspot\src\share\vm\prims\methodHandles.cpp, line 1167]
Event: 1.353 Thread 0x0000000003223800 Exception <a 'java/lang/NoSuchFieldError': method resolution failed> (0x00000000f5bf87e8) thrown at [C:\re\workspace\8-2-build-windows-amd64-cygwin\jdk8u211\12973\hotspot\src\share\vm\prims\methodHandles.cpp, line 1167]
Event: 2.676 Thread 0x0000000003223800 Exception <a 'java/io/IOException'> (0x00000000f644b6a0) thrown at [C:\re\workspace\8-2-build-windows-amd64-cygwin\jdk8u211\12973\hotspot\src\share\vm\prims\jni.cpp, line 710]

Events (10 events):
Event: 3.234 loading class org/gradle/internal/instantiation/AbstractClassGenerator$DisabledAnnotationValidator
Event: 3.234 loading class org/gradle/internal/instantiation/AbstractClassGenerator$DisabledAnnotationValidator done
Event: 3.234 loading class org/gradle/internal/instantiation/AbstractClassGenerator$ClassValidator
Event: 3.234 loading class org/gradle/internal/instantiation/AbstractClassGenerator$ClassValidator done
Event: 3.234 loading class org/gradle/internal/instantiation/AbstractClassGenerator$InjectionAnnotationValidator
Event: 3.234 loading class org/gradle/internal/instantiation/AbstractClassGenerator$InjectionAnnotationValidator done
Event: 3.235 loading class org/gradle/internal/instantiation/AsmBackedClassGenerator$ClassInspectionVisitorImpl
Event: 3.235 loading class org/gradle/internal/instantiation/AsmBackedClassGenerator$ClassInspectionVisitorImpl done
Event: 3.235 loading class org/gradle/internal/instantiation/AbstractClassGenerator$ClassGenerationVisitor
Event: 3.235 loading class org/gradle/internal/instantiation/AbstractClassGenerator$ClassGenerationVisitor done


Dynamic libraries:
0x00007ff6fbe20000 - 0x00007ff6fbe57000 	C:\Program Files\Java\jdk1.8.0_211\bin\java.exe
0x00007ff9600a0000 - 0x00007ff960290000 	C:\WINDOWS\SYSTEM32\ntdll.dll
0x00007ff95f9f0000 - 0x00007ff95faa2000 	C:\WINDOWS\System32\KERNEL32.DLL
0x00007ff95d890000 - 0x00007ff95db34000 	C:\WINDOWS\System32\KERNELBASE.dll
0x00007ff95e1e0000 - 0x00007ff95e283000 	C:\WINDOWS\System32\ADVAPI32.dll
0x00007ff95e990000 - 0x00007ff95ea2e000 	C:\WINDOWS\System32\msvcrt.dll
0x00007ff95e3c0000 - 0x00007ff95e457000 	C:\WINDOWS\System32\sechost.dll
0x00007ff95f790000 - 0x00007ff95f8b0000 	C:\WINDOWS\System32\RPCRT4.dll
0x00007ff95eac0000 - 0x00007ff95ec54000 	C:\WINDOWS\System32\USER32.dll
0x00007ff95d7b0000 - 0x00007ff95d7d1000 	C:\WINDOWS\System32\win32u.dll
0x00007ff95e460000 - 0x00007ff95e486000 	C:\WINDOWS\System32\GDI32.dll
0x00007ff95dcb0000 - 0x00007ff95de45000 	C:\WINDOWS\System32\gdi32full.dll
0x00007ff95de50000 - 0x00007ff95deee000 	C:\WINDOWS\System32\msvcp_win.dll
0x00007ff95e000000 - 0x00007ff95e0fa000 	C:\WINDOWS\System32\ucrtbase.dll
0x00007ff94d2c0000 - 0x00007ff94d544000 	C:\WINDOWS\WinSxS\amd64_microsoft.windows.common-controls_6595b64144ccf1df_6.0.18362.900_none_e6beb9d913147d17\COMCTL32.dll
0x00007ff95fab0000 - 0x00007ff95fde5000 	C:\WINDOWS\System32\combase.dll
0x00007ff95d810000 - 0x00007ff95d890000 	C:\WINDOWS\System32\bcryptPrimitives.dll
0x00007ff95ea90000 - 0x00007ff95eabe000 	C:\WINDOWS\System32\IMM32.DLL
0x000000006b8b0000 - 0x000000006b982000 	C:\Program Files\Java\jdk1.8.0_211\jre\bin\msvcr100.dll
0x000000006a370000 - 0x000000006ac15000 	C:\Program Files\Java\jdk1.8.0_211\jre\bin\server\jvm.dll
0x00007ff95fdf0000 - 0x00007ff95fdf8000 	C:\WINDOWS\System32\PSAPI.DLL
0x00007ff959a10000 - 0x00007ff959a34000 	C:\WINDOWS\SYSTEM32\WINMM.dll
0x00007ff956d20000 - 0x00007ff956d2a000 	C:\WINDOWS\SYSTEM32\VERSION.dll
0x00007ff955450000 - 0x00007ff955459000 	C:\WINDOWS\SYSTEM32\WSOCK32.dll
0x00007ff95edb0000 - 0x00007ff95ee1f000 	C:\WINDOWS\System32\WS2_32.dll
0x00007ff9599e0000 - 0x00007ff959a0d000 	C:\WINDOWS\SYSTEM32\winmmbase.dll
0x00007ff95e100000 - 0x00007ff95e14a000 	C:\WINDOWS\System32\cfgmgr32.dll
0x00007ff9533d0000 - 0x00007ff9533df000 	C:\Program Files\Java\jdk1.8.0_211\jre\bin\verify.dll
0x00007ff9533a0000 - 0x00007ff9533c9000 	C:\Program Files\Java\jdk1.8.0_211\jre\bin\java.dll
0x00007ff92e1a0000 - 0x00007ff92e1b6000 	C:\Program Files\Java\jdk1.8.0_211\jre\bin\zip.dll
0x00007ff95eee0000 - 0x00007ff95f5c6000 	C:\WINDOWS\System32\SHELL32.dll
0x00007ff95ee30000 - 0x00007ff95eed9000 	C:\WINDOWS\System32\shcore.dll
0x00007ff95d030000 - 0x00007ff95d7b0000 	C:\WINDOWS\System32\windows.storage.dll
0x00007ff95cfb0000 - 0x00007ff95cfd3000 	C:\WINDOWS\System32\profapi.dll
0x00007ff95cfe0000 - 0x00007ff95d02a000 	C:\WINDOWS\System32\powrprof.dll
0x00007ff95cf60000 - 0x00007ff95cf70000 	C:\WINDOWS\System32\UMPDC.dll
0x00007ff95ea30000 - 0x00007ff95ea82000 	C:\WINDOWS\System32\shlwapi.dll
0x00007ff95cf70000 - 0x00007ff95cf81000 	C:\WINDOWS\System32\kernel.appcore.dll
0x00007ff95dc90000 - 0x00007ff95dca7000 	C:\WINDOWS\System32\cryptsp.dll
0x00007ff92d870000 - 0x00007ff92d88a000 	C:\Program Files\Java\jdk1.8.0_211\jre\bin\net.dll
0x00007ff94dc60000 - 0x00007ff94de36000 	C:\WINDOWS\SYSTEM32\urlmon.dll
0x00007ff94fcb0000 - 0x00007ff94ff56000 	C:\WINDOWS\SYSTEM32\iertutil.dll
0x00007ff95c940000 - 0x00007ff95c94c000 	C:\WINDOWS\SYSTEM32\CRYPTBASE.DLL
0x00007ff95c770000 - 0x00007ff95c7d7000 	C:\WINDOWS\system32\mswsock.dll
0x00007ff92a050000 - 0x00007ff92a062000 	C:\Program Files\Java\jdk1.8.0_211\jre\bin\nio.dll
0x00007ff91b260000 - 0x00007ff91b286000 	C:\Users\HELLO\.gradle\native\29\windows-amd64\native-platform.dll
0x00007ff94f8e0000 - 0x00007ff94f8ed000 	C:\Program Files\Java\jdk1.8.0_211\jre\bin\management.dll
0x00007ff95c2e0000 - 0x00007ff95c313000 	C:\WINDOWS\system32\rsaenh.dll
0x00007ff95d7e0000 - 0x00007ff95d806000 	C:\WINDOWS\System32\bcrypt.dll
0x00007ff95ce50000 - 0x00007ff95ce75000 	C:\WINDOWS\SYSTEM32\USERENV.dll
0x00007ff95c480000 - 0x00007ff95c4ba000 	C:\WINDOWS\SYSTEM32\IPHLPAPI.DLL
0x00007ff95e150000 - 0x00007ff95e158000 	C:\WINDOWS\System32\NSI.dll
0x00007ff953f90000 - 0x00007ff953fa6000 	C:\WINDOWS\SYSTEM32\dhcpcsvc6.DLL
0x00007ff953f20000 - 0x00007ff953f3c000 	C:\WINDOWS\SYSTEM32\dhcpcsvc.DLL
0x00007ff95c4c0000 - 0x00007ff95c58b000 	C:\WINDOWS\SYSTEM32\DNSAPI.dll

VM Arguments:
jvm_args: -XX:MaxMetaspaceSize=256m -XX:+HeapDumpOnOutOfMemoryError -Xms256m -Xmx512m -Dfile.encoding=windows-1252 -Duser.country=US -Duser.language=en -Duser.variant -Xmx512M 
java_command: org.gradle.launcher.daemon.bootstrap.GradleDaemon 5.5
java_class_path (initial): C:\Users\HELLO\.gradle\wrapper\dists\gradle-5.5-all\byeise1led9a3w3p149d02kfj\gradle-5.5\lib\gradle-launcher-5.5.jar
Launcher Type: SUN_STANDARD

Environment Variables:
JAVA_HOME=C:\Program Files\Java\jdk1.8.0_211
_JAVA_OPTIONS=-Xmx512M
CLASSPATH=E:\react_native\Do_An_Co_So\android\\gradle\wrapper\gradle-wrapper.jar
PATH=C:\Program Files (x86)\Common Files\Intel\Shared Files\cpp\bin\Intel64;C:\WINDOWS\system32;C:\WINDOWS;C:\WINDOWS\System32\Wbem;C:\WINDOWS\System32\WindowsPowerShell\v1.0\;C:\Program Files\Microsoft SQL Server\130\Tools\Binn\;C:\Users\HELLO\.dnx\bin;C:\Program Files\Microsoft DNX\Dnvm\;C:\WINDOWS\System32\OpenSSH\;C:\Program Files (x86)\NVIDIA Corporation\PhysX\Common;C:\Program Files (x86)\Microsoft SQL Server\Client SDK\ODBC\130\Tools\Binn\;C:\Program Files (x86)\Microsoft SQL Server\140\Tools\Binn\;C:\Program Files (x86)\Microsoft SQL Server\140\DTS\Binn\;C:\Program Files (x86)\Microsoft SQL Server\140\Tools\Binn\ManagementStudio\;C:\Program Files\NVIDIA Corporation\NVIDIA NvDLISR;C:\Program Files\dotnet\;C:\WINDOWS\system32;C:\WINDOWS;C:\WINDOWS\System32\Wbem;C:\WINDOWS\System32\WindowsPowerShell\v1.0\;C:\WINDOWS\System32\OpenSSH\;C:\Program Files\Microsoft SQL Server\Client SDK\ODBC\170\Tools\Binn\;C:\Program Files (x86)\Microsoft SQL Server\150\Tools\Binn\;C:\Program Files\Microsoft SQL Server\150\Tools\Binn\;C:\Program Files\Microsoft SQL Server\150\DTS\Binn\;C:\Program Files (x86)\Microsoft SQL Server\150\DTS\Binn\;C:\Program Files\Git\cmd;C:\ProgramData\chocolatey\bin;C:\Program Files\nodejs\;C:\Program Files\Java\jdk1.8.0_211\bin;c:\Users\HELLO\AppData\Local\Android\Sdk\platform-tools;E:\PuTTY\;C:\Program Files\Docker\Docker\resources\bin;C:\ProgramData\DockerDesktop\version-bin;C:\Users\HELLO\AppData\Local\Programs\Python\Python36;C:\Users\HELLO\AppData\Local\Programs\Python\Python36\Scripts;C:\Users\HELLO\AppData\Local\Programs\Python\Python36\Scripts\;C:\Users\HELLO\AppData\Local\Programs\Python\Python36\;C:\Program Files\Java\jdk-10.0.1\bin;C:\Users\HELLO\AppData\Local\Microsoft\WindowsApps;C:\Users\HELLO\AppData\Roaming\npm;E:\Microsoft VS Code\bin
USERNAME=HELLO
OS=Windows_NT
PROCESSOR_IDENTIFIER=Intel64 Family 6 Model 60 Stepping 3, GenuineIntel



---------------  S Y S T E M  ---------------

OS: Windows 10.0 , 64 bit Build 18362 (10.0.18362.900)

CPU:total 4 (initial active 4) (4 cores per cpu, 1 threads per core) family 6 model 60 stepping 3, cmov, cx8, fxsr, mmx, sse, sse2, sse3, ssse3, sse4.1, sse4.2, popcnt, avx, avx2, aes, clmul, erms, lzcnt, tsc, tscinvbit, bmi1, bmi2

Memory: 4k page, physical 8280220k(540396k free), swap 12474524k(5688k free)

vm_info: Java HotSpot(TM) 64-Bit Server VM (25.211-b12) for windows-amd64 JRE (1.8.0_211-b12), built on Apr  1 2019 20:53:26 by "java_re" with MS VC++ 10.0 (VS2010)

time: Thu Jul 02 14:15:54 2020
timezone: SE Asia Standard Time
elapsed time: 3 seconds (0d 0h 0m 3s)

