#
# There is insufficient memory for the Java Runtime Environment to continue.
# Native memory allocation (malloc) failed to allocate 32744 bytes for ChunkPool::allocate
# Possible reasons:
#   The system is out of physical RAM or swap space
#   The process is running with CompressedOops enabled, and the Java Heap may be blocking the growth of the native heap
# Possible solutions:
#   Reduce memory load on the system
#   Increase physical memory or swap space
#   Check if swap backing store is full
#   Decrease Java heap size (-Xmx/-Xms)
#   Decrease number of Java threads
#   Decrease Java thread stack sizes (-Xss)
#   Set larger code cache with -XX:ReservedCodeCacheSize=
#   JVM is running with Unscaled Compressed Oops mode in which the Java heap is
#     placed in the first 4GB address space. The Java Heap base address is the
#     maximum limit for the native heap growth. Please use -XX:HeapBaseMinAddress
#     to set the Java Heap base and to place the Java Heap above 4GB virtual address.
# This output file may be truncated or incomplete.
#
#  Out of Memory Error (allocation.cpp:272), pid=10356, tid=0x0000000000002ad8
#
# JRE version: Java(TM) SE Runtime Environment (8.0_211-b12) (build 1.8.0_211-b12)
# Java VM: Java HotSpot(TM) 64-Bit Server VM (25.211-b12 mixed mode windows-amd64 compressed oops)
# Failed to write core dump. Minidumps are not enabled by default on client versions of Windows
#

---------------  T H R E A D  ---------------

Current thread (0x0000000013f40000):  JavaThread "C2 CompilerThread0" daemon [_thread_in_native, id=10968, stack(0x00000000155a0000,0x00000000156a0000)]

Stack: [0x00000000155a0000,0x00000000156a0000]
[error occurred during error reporting (printing stack bounds), id 0xc0000005]

Native frames: (J=compiled Java code, j=interpreted, Vv=VM code, C=native code)


Current CompileTask:
C2:   4700 1371       4       java.net.URLClassLoader$1::run (5 bytes)


---------------  P R O C E S S  ---------------

Java Threads: ( => current thread )
  0x00000000172c1800 JavaThread "Cache worker for journal cache (C:\Users\HELLO\.gradle\caches\journal-1)" [_thread_blocked, id=11184, stack(0x0000000018af0000,0x0000000018bf0000)]
  0x00000000172bd000 JavaThread "File lock request listener" [_thread_in_native, id=10136, stack(0x00000000189f0000,0x0000000018af0000)]
  0x00000000172be800 JavaThread "Cache worker for file hash cache (C:\Users\HELLO\.gradle\caches\5.5\fileHashes)" [_thread_blocked, id=6384, stack(0x00000000188f0000,0x00000000189f0000)]
  0x000000001727a000 JavaThread "Thread-9" [_thread_blocked, id=15732, stack(0x00000000187f0000,0x00000000188f0000)]
  0x00000000171aa800 JavaThread "Stdin handler" [_thread_blocked, id=15032, stack(0x00000000186f0000,0x00000000187f0000)]
  0x000000001728d800 JavaThread "Asynchronous log dispatcher for DefaultDaemonConnection: socket connection from /127.0.0.1:52943 to /127.0.0.1:52944" [_thread_blocked, id=3440, stack(0x00000000185f0000,0x00000000186f0000)]
  0x00000000171a9000 JavaThread "Daemon worker" [_thread_blocked, id=7192, stack(0x00000000182f0000,0x00000000183f0000)]
  0x000000001729e000 JavaThread "Cancel handler" [_thread_blocked, id=14964, stack(0x00000000181f0000,0x00000000182f0000)]
  0x0000000017266800 JavaThread "Handler for socket connection from /127.0.0.1:52943 to /127.0.0.1:52944" [_thread_in_native, id=10184, stack(0x00000000180f0000,0x00000000181f0000)]
  0x0000000017264000 JavaThread "Daemon" [_thread_blocked, id=20308, stack(0x0000000017ff0000,0x00000000180f0000)]
  0x0000000017211000 JavaThread "Daemon periodic checks" [_thread_blocked, id=4128, stack(0x0000000017ef0000,0x0000000017ff0000)]
  0x00000000171ff800 JavaThread "Incoming local TCP Connector on port 52943" [_thread_in_native, id=9764, stack(0x0000000017cb0000,0x0000000017db0000)]
  0x00000000170e7800 JavaThread "Daemon health stats" [_thread_blocked, id=15380, stack(0x0000000017670000,0x0000000017770000)]
  0x0000000013f9d800 JavaThread "Service Thread" daemon [_thread_blocked, id=19372, stack(0x0000000015ca0000,0x0000000015da0000)]
  0x0000000013f50800 JavaThread "C1 CompilerThread2" daemon [_thread_in_vm, id=14232, stack(0x00000000157a0000,0x00000000158a0000)]
  0x0000000013f44000 JavaThread "C2 CompilerThread1" daemon [_thread_blocked, id=9104, stack(0x00000000156a0000,0x00000000157a0000)]
=>0x0000000013f40000 JavaThread "C2 CompilerThread0" daemon [_thread_in_native, id=10968, stack(0x00000000155a0000,0x00000000156a0000)]
  0x0000000013f3f000 JavaThread "Attach Listener" daemon [_thread_blocked, id=8196, stack(0x00000000154a0000,0x00000000155a0000)]
  0x0000000013f4e800 JavaThread "Signal Dispatcher" daemon [_thread_blocked, id=16280, stack(0x00000000153a0000,0x00000000154a0000)]
  0x0000000002b1e000 JavaThread "Finalizer" daemon [_thread_blocked, id=9100, stack(0x00000000151a0000,0x00000000152a0000)]
  0x0000000013f2a000 JavaThread "Reference Handler" daemon [_thread_blocked, id=14132, stack(0x00000000150a0000,0x00000000151a0000)]
  0x0000000002a23800 JavaThread "main" [_thread_blocked, id=18148, stack(0x0000000002840000,0x0000000002940000)]

Other Threads:
  0x0000000013f07800 VMThread [stack: 0x0000000014fa0000,0x00000000150a0000] [id=12552]
  0x00000000158ed800 WatcherThread [stack: 0x0000000015da0000,0x0000000015ea0000] [id=14908]

VM state:synchronizing (normal execution)

VM Mutex/Monitor currently owned by a thread:  ([mutex/lock_event])
[0x0000000002a20b50] Threads_lock - owner thread: 0x0000000013f07800

heap address: 0x00000000e0000000, size: 512 MB, Compressed Oops mode: 32-bit
Narrow klass base: 0x0000000000000000, Narrow klass shift: 3
Compressed class space size: 1073741824 Address: 0x0000000100000000

Heap:
 PSYoungGen      total 76288K, used 10868K [0x00000000f5580000, 0x00000000faa80000, 0x0000000100000000)
  eden space 65536K, 1% used [0x00000000f5580000,0x00000000f5640bb8,0x00000000f9580000)
  from space 10752K, 93% used [0x00000000fa000000,0x00000000fa9dc7a0,0x00000000faa80000)
  to   space 10752K, 0% used [0x00000000f9580000,0x00000000f9580000,0x00000000fa000000)
 ParOldGen       total 175104K, used 16K [0x00000000e0000000, 0x00000000eab00000, 0x00000000f5580000)
  object space 175104K, 0% used [0x00000000e0000000,0x00000000e0004000,0x00000000eab00000)
 Metaspace       used 15074K, capacity 15384K, committed 15744K, reserved 1062912K
  class space    used 2189K, capacity 2330K, committed 2432K, reserved 1048576K

Card table byte_map: [0x0000000011ee0000,0x0000000011ff0000] byte_map_base: 0x00000000117e0000

Marking Bits: (ParMarkBitMap*) 0x000000006ac65ce0
 Begin Bits: [0x00000000124a0000, 0x0000000012ca0000)
 End Bits:   [0x0000000012ca0000, 0x00000000134a0000)

Polling page: 0x0000000002940000

CodeCache: size=245760Kb used=5106Kb max_used=5106Kb free=240653Kb
 bounds [0x0000000002b20000, 0x0000000003020000, 0x0000000011b20000]
 total_blobs=1834 nmethods=1446 adapters=300
 compilation: enabled

Compilation events (10 events):
Event: 4.654 Thread 0x0000000013f50800 1443       3       java.util.LinkedList::unlinkFirst (64 bytes)
Event: 4.654 Thread 0x0000000013f50800 nmethod 1443 0x000000000301b2d0 code [0x000000000301b420, 0x000000000301b650]
Event: 4.654 Thread 0x0000000013f50800 1445       3       com.google.common.collect.ImmutableMap$Builder::ensureCapacity (39 bytes)
Event: 4.654 Thread 0x0000000013f50800 nmethod 1445 0x000000000301b710 code [0x000000000301b8a0, 0x000000000301bbd8]
Event: 4.654 Thread 0x0000000013f50800 1447       3       com.google.common.base.Splitter$SplittingIterator::<init> (39 bytes)
Event: 4.654 Thread 0x0000000013f50800 nmethod 1447 0x000000000301bd50 code [0x000000000301bec0, 0x000000000301c170]
Event: 4.660 Thread 0x0000000013f50800 1450 %     3       com.google.common.io.LineBuffer::add @ 47 (204 bytes)
Event: 4.660 Thread 0x0000000013f50800 nmethod 1450% 0x000000000301c290 code [0x000000000301c4a0, 0x000000000301cf78]
Event: 4.660 Thread 0x0000000013f50800 1451       3       com.google.common.io.LineBuffer::add (204 bytes)
Event: 4.677 Thread 0x0000000013f50800 nmethod 1451 0x000000000301d490 code [0x000000000301d680, 0x000000000301dfd8]

GC Heap History (4 events):
Event: 2.092 GC heap before
{Heap before GC invocations=1 (full 0):
 PSYoungGen      total 76288K, used 65536K [0x00000000f5580000, 0x00000000faa80000, 0x0000000100000000)
  eden space 65536K, 100% used [0x00000000f5580000,0x00000000f9580000,0x00000000f9580000)
  from space 10752K, 0% used [0x00000000fa000000,0x00000000fa000000,0x00000000faa80000)
  to   space 10752K, 0% used [0x00000000f9580000,0x00000000f9580000,0x00000000fa000000)
 ParOldGen       total 175104K, used 0K [0x00000000e0000000, 0x00000000eab00000, 0x00000000f5580000)
  object space 175104K, 0% used [0x00000000e0000000,0x00000000e0000000,0x00000000eab00000)
 Metaspace       used 7532K, capacity 7802K, committed 8064K, reserved 1056768K
  class space    used 995K, capacity 1077K, committed 1152K, reserved 1048576K
Event: 2.098 GC heap after
Heap after GC invocations=1 (full 0):
 PSYoungGen      total 76288K, used 6224K [0x00000000f5580000, 0x00000000faa80000, 0x0000000100000000)
  eden space 65536K, 0% used [0x00000000f5580000,0x00000000f5580000,0x00000000f9580000)
  from space 10752K, 57% used [0x00000000f9580000,0x00000000f9b94260,0x00000000fa000000)
  to   space 10752K, 0% used [0x00000000fa000000,0x00000000fa000000,0x00000000faa80000)
 ParOldGen       total 175104K, used 8K [0x00000000e0000000, 0x00000000eab00000, 0x00000000f5580000)
  object space 175104K, 0% used [0x00000000e0000000,0x00000000e0002000,0x00000000eab00000)
 Metaspace       used 7532K, capacity 7802K, committed 8064K, reserved 1056768K
  class space    used 995K, capacity 1077K, committed 1152K, reserved 1048576K
}
Event: 4.661 GC heap before
{Heap before GC invocations=2 (full 0):
 PSYoungGen      total 76288K, used 71760K [0x00000000f5580000, 0x00000000faa80000, 0x0000000100000000)
  eden space 65536K, 100% used [0x00000000f5580000,0x00000000f9580000,0x00000000f9580000)
  from space 10752K, 57% used [0x00000000f9580000,0x00000000f9b94260,0x00000000fa000000)
  to   space 10752K, 0% used [0x00000000fa000000,0x00000000fa000000,0x00000000faa80000)
 ParOldGen       total 175104K, used 8K [0x00000000e0000000, 0x00000000eab00000, 0x00000000f5580000)
  object space 175104K, 0% used [0x00000000e0000000,0x00000000e0002000,0x00000000eab00000)
 Metaspace       used 15073K, capacity 15384K, committed 15744K, reserved 1062912K
  class space    used 2189K, capacity 2330K, committed 2432K, reserved 1048576K
Event: 4.676 GC heap after
Heap after GC invocations=2 (full 0):
 PSYoungGen      total 76288K, used 10097K [0x00000000f5580000, 0x00000000faa80000, 0x0000000100000000)
  eden space 65536K, 0% used [0x00000000f5580000,0x00000000f5580000,0x00000000f9580000)
  from space 10752K, 93% used [0x00000000fa000000,0x00000000fa9dc7a0,0x00000000faa80000)
  to   space 10752K, 0% used [0x00000000f9580000,0x00000000f9580000,0x00000000fa000000)
 ParOldGen       total 175104K, used 16K [0x00000000e0000000, 0x00000000eab00000, 0x00000000f5580000)
  object space 175104K, 0% used [0x00000000e0000000,0x00000000e0004000,0x00000000eab00000)
 Metaspace       used 15073K, capacity 15384K, committed 15744K, reserved 1062912K
  class space    used 2189K, capacity 2330K, committed 2432K, reserved 1048576K
}

Deoptimization events (10 events):
Event: 3.020 Thread 0x0000000002a23800 Uncommon trap: reason=unstable_if action=reinterpret pc=0x0000000002dd3b3c method=java.io.WinNTFileSystem.normalize(Ljava/lang/String;)Ljava/lang/String; @ 128
Event: 3.020 Thread 0x0000000002a23800 Uncommon trap: reason=unstable_if action=reinterpret pc=0x0000000002e2a200 method=java.io.WinNTFileSystem.normalize(Ljava/lang/String;II)Ljava/lang/String; @ 90
Event: 4.179 Thread 0x00000000171a9000 Uncommon trap: reason=bimorphic action=maybe_recompile pc=0x0000000002d98ea8 method=java.util.HashMap.putVal(ILjava/lang/Object;Ljava/lang/Object;ZZ)Ljava/lang/Object; @ 253
Event: 4.180 Thread 0x00000000171a9000 Uncommon trap: reason=bimorphic action=maybe_recompile pc=0x0000000002d98ea8 method=java.util.HashMap.putVal(ILjava/lang/Object;Ljava/lang/Object;ZZ)Ljava/lang/Object; @ 253
Event: 4.180 Thread 0x00000000171a9000 Uncommon trap: reason=bimorphic action=maybe_recompile pc=0x0000000002d98ea8 method=java.util.HashMap.putVal(ILjava/lang/Object;Ljava/lang/Object;ZZ)Ljava/lang/Object; @ 253
Event: 4.349 Thread 0x00000000171a9000 Uncommon trap: reason=class_check action=maybe_recompile pc=0x0000000002de58d8 method=java.util.regex.Matcher.match(II)Z @ 86
Event: 4.361 Thread 0x00000000171a9000 Uncommon trap: reason=class_check action=maybe_recompile pc=0x0000000002de58d8 method=java.util.regex.Matcher.match(II)Z @ 86
Event: 4.361 Thread 0x00000000171a9000 Uncommon trap: reason=class_check action=maybe_recompile pc=0x0000000002de58d8 method=java.util.regex.Matcher.match(II)Z @ 86
Event: 4.361 Thread 0x00000000171a9000 Uncommon trap: reason=class_check action=maybe_recompile pc=0x0000000002da785c method=java.util.regex.Matcher.match(II)Z @ 86
Event: 4.622 Thread 0x00000000171a9000 Uncommon trap: reason=unstable_if action=reinterpret pc=0x0000000002ee93f4 method=java.lang.String.lastIndexOf([CII[CIII)I @ 66

Classes redefined (0 events):
No events

Internal exceptions (10 events):
Event: 0.519 Thread 0x0000000002a23800 Exception <a 'java/lang/ArrayIndexOutOfBoundsException'> (0x00000000f66c65f0) thrown at [C:\re\workspace\8-2-build-windows-amd64-cygwin\jdk8u211\12973\hotspot\src\share\vm\runtime\sharedRuntime.cpp, line 605]
Event: 0.519 Thread 0x0000000002a23800 Exception <a 'java/lang/ArrayIndexOutOfBoundsException'> (0x00000000f66d2eb8) thrown at [C:\re\workspace\8-2-build-windows-amd64-cygwin\jdk8u211\12973\hotspot\src\share\vm\runtime\sharedRuntime.cpp, line 605]
Event: 0.519 Thread 0x0000000002a23800 Exception <a 'java/lang/ArrayIndexOutOfBoundsException'> (0x00000000f66d46a8) thrown at [C:\re\workspace\8-2-build-windows-amd64-cygwin\jdk8u211\12973\hotspot\src\share\vm\runtime\sharedRuntime.cpp, line 605]
Event: 0.520 Thread 0x0000000002a23800 Exception <a 'java/lang/ArrayIndexOutOfBoundsException'> (0x00000000f66d67a8) thrown at [C:\re\workspace\8-2-build-windows-amd64-cygwin\jdk8u211\12973\hotspot\src\share\vm\runtime\sharedRuntime.cpp, line 605]
Event: 0.523 Thread 0x0000000002a23800 Exception <a 'java/lang/ArrayIndexOutOfBoundsException'> (0x00000000f66e2158) thrown at [C:\re\workspace\8-2-build-windows-amd64-cygwin\jdk8u211\12973\hotspot\src\share\vm\runtime\sharedRuntime.cpp, line 605]
Event: 0.524 Thread 0x0000000002a23800 Exception <a 'java/lang/ArrayIndexOutOfBoundsException'> (0x00000000f66edb98) thrown at [C:\re\workspace\8-2-build-windows-amd64-cygwin\jdk8u211\12973\hotspot\src\share\vm\runtime\sharedRuntime.cpp, line 605]
Event: 0.524 Thread 0x0000000002a23800 Exception <a 'java/lang/ArrayIndexOutOfBoundsException'> (0x00000000f66faec8) thrown at [C:\re\workspace\8-2-build-windows-amd64-cygwin\jdk8u211\12973\hotspot\src\share\vm\runtime\sharedRuntime.cpp, line 605]
Event: 2.351 Thread 0x0000000002a23800 Exception <a 'java/lang/NoSuchFieldError': method resolution failed> (0x00000000f5beb4b0) thrown at [C:\re\workspace\8-2-build-windows-amd64-cygwin\jdk8u211\12973\hotspot\src\share\vm\prims\methodHandles.cpp, line 1167]
Event: 2.352 Thread 0x0000000002a23800 Exception <a 'java/lang/NoSuchFieldError': method resolution failed> (0x00000000f5bf9270) thrown at [C:\re\workspace\8-2-build-windows-amd64-cygwin\jdk8u211\12973\hotspot\src\share\vm\prims\methodHandles.cpp, line 1167]
Event: 4.099 Thread 0x0000000002a23800 Exception <a 'java/io/IOException'> (0x00000000f64417a0) thrown at [C:\re\workspace\8-2-build-windows-amd64-cygwin\jdk8u211\12973\hotspot\src\share\vm\prims\jni.cpp, line 710]

Events (10 events):
Event: 4.646 loading class com/google/common/base/Splitter$1$1
Event: 4.646 loading class com/google/common/base/Splitter$1$1 done
Event: 4.646 loading class com/google/common/base/AbstractIterator$State
Event: 4.646 loading class com/google/common/base/AbstractIterator$State done
Event: 4.646 loading class com/google/common/base/AbstractIterator$1
Event: 4.646 loading class com/google/common/base/AbstractIterator$1 done
Event: 4.661 Executing VM operation: ParallelGCFailedAllocation
Event: 4.676 Executing VM operation: ParallelGCFailedAllocation done
Event: 4.677 Executing VM operation: RevokeBias
Event: 4.677 Executing VM operation: RevokeBias done


Dynamic libraries:
0x00007ff60bee0000 - 0x00007ff60bf17000 	C:\Program Files\Java\jdk1.8.0_211\bin\java.exe
0x00007ff9600a0000 - 0x00007ff960290000 	C:\WINDOWS\SYSTEM32\ntdll.dll
0x00007ff95f9f0000 - 0x00007ff95faa2000 	C:\WINDOWS\System32\KERNEL32.DLL
0x00007ff95d890000 - 0x00007ff95db34000 	C:\WINDOWS\System32\KERNELBASE.dll
0x00007ff95e1e0000 - 0x00007ff95e283000 	C:\WINDOWS\System32\ADVAPI32.dll
0x00007ff95e990000 - 0x00007ff95ea2e000 	C:\WINDOWS\System32\msvcrt.dll
0x00007ff95e3c0000 - 0x00007ff95e457000 	C:\WINDOWS\System32\sechost.dll
0x00007ff95f790000 - 0x00007ff95f8b0000 	C:\WINDOWS\System32\RPCRT4.dll
0x00007ff95eac0000 - 0x00007ff95ec54000 	C:\WINDOWS\System32\USER32.dll
0x00007ff95d7b0000 - 0x00007ff95d7d1000 	C:\WINDOWS\System32\win32u.dll
0x00007ff95e460000 - 0x00007ff95e486000 	C:\WINDOWS\System32\GDI32.dll
0x00007ff95dcb0000 - 0x00007ff95de45000 	C:\WINDOWS\System32\gdi32full.dll
0x00007ff95de50000 - 0x00007ff95deee000 	C:\WINDOWS\System32\msvcp_win.dll
0x00007ff95e000000 - 0x00007ff95e0fa000 	C:\WINDOWS\System32\ucrtbase.dll
0x00007ff94d2c0000 - 0x00007ff94d544000 	C:\WINDOWS\WinSxS\amd64_microsoft.windows.common-controls_6595b64144ccf1df_6.0.18362.900_none_e6beb9d913147d17\COMCTL32.dll
0x00007ff95fab0000 - 0x00007ff95fde5000 	C:\WINDOWS\System32\combase.dll
0x00007ff95d810000 - 0x00007ff95d890000 	C:\WINDOWS\System32\bcryptPrimitives.dll
0x00007ff95ea90000 - 0x00007ff95eabe000 	C:\WINDOWS\System32\IMM32.DLL
0x000000006b860000 - 0x000000006b932000 	C:\Program Files\Java\jdk1.8.0_211\jre\bin\msvcr100.dll
0x000000006a440000 - 0x000000006ace5000 	C:\Program Files\Java\jdk1.8.0_211\jre\bin\server\jvm.dll
0x00007ff95fdf0000 - 0x00007ff95fdf8000 	C:\WINDOWS\System32\PSAPI.DLL
0x00007ff956d20000 - 0x00007ff956d2a000 	C:\WINDOWS\SYSTEM32\VERSION.dll
0x00007ff959a10000 - 0x00007ff959a34000 	C:\WINDOWS\SYSTEM32\WINMM.dll
0x00007ff9599d0000 - 0x00007ff9599d9000 	C:\WINDOWS\SYSTEM32\WSOCK32.dll
0x00007ff95edb0000 - 0x00007ff95ee1f000 	C:\WINDOWS\System32\WS2_32.dll
0x00007ff9599e0000 - 0x00007ff959a0d000 	C:\WINDOWS\SYSTEM32\WINMMBASE.dll
0x00007ff95e100000 - 0x00007ff95e14a000 	C:\WINDOWS\System32\cfgmgr32.dll
0x00007ff9599a0000 - 0x00007ff9599af000 	C:\Program Files\Java\jdk1.8.0_211\jre\bin\verify.dll
0x00007ff92f1c0000 - 0x00007ff92f1e9000 	C:\Program Files\Java\jdk1.8.0_211\jre\bin\java.dll
0x00007ff934850000 - 0x00007ff934866000 	C:\Program Files\Java\jdk1.8.0_211\jre\bin\zip.dll
0x00007ff95eee0000 - 0x00007ff95f5c6000 	C:\WINDOWS\System32\SHELL32.dll
0x00007ff95ee30000 - 0x00007ff95eed9000 	C:\WINDOWS\System32\shcore.dll
0x00007ff95d030000 - 0x00007ff95d7b0000 	C:\WINDOWS\System32\windows.storage.dll
0x00007ff95cfb0000 - 0x00007ff95cfd3000 	C:\WINDOWS\System32\profapi.dll
0x00007ff95cfe0000 - 0x00007ff95d02a000 	C:\WINDOWS\System32\powrprof.dll
0x00007ff95cf60000 - 0x00007ff95cf70000 	C:\WINDOWS\System32\UMPDC.dll
0x00007ff95ea30000 - 0x00007ff95ea82000 	C:\WINDOWS\System32\shlwapi.dll
0x00007ff95cf70000 - 0x00007ff95cf81000 	C:\WINDOWS\System32\kernel.appcore.dll
0x00007ff95dc90000 - 0x00007ff95dca7000 	C:\WINDOWS\System32\cryptsp.dll
0x00007ff92d930000 - 0x00007ff92d94a000 	C:\Program Files\Java\jdk1.8.0_211\jre\bin\net.dll
0x00007ff94dc60000 - 0x00007ff94de36000 	C:\WINDOWS\SYSTEM32\urlmon.dll
0x00007ff94fcb0000 - 0x00007ff94ff56000 	C:\WINDOWS\SYSTEM32\iertutil.dll
0x00007ff95c940000 - 0x00007ff95c94c000 	C:\WINDOWS\SYSTEM32\CRYPTBASE.DLL
0x00007ff95c770000 - 0x00007ff95c7d7000 	C:\WINDOWS\system32\mswsock.dll
0x00007ff92cbe0000 - 0x00007ff92cbf2000 	C:\Program Files\Java\jdk1.8.0_211\jre\bin\nio.dll
0x00007ff92a0b0000 - 0x00007ff92a0d6000 	C:\Users\HELLO\.gradle\native\29\windows-amd64\native-platform.dll
0x00007ff955990000 - 0x00007ff95599d000 	C:\Program Files\Java\jdk1.8.0_211\jre\bin\management.dll
0x00007ff95c2e0000 - 0x00007ff95c313000 	C:\WINDOWS\system32\rsaenh.dll
0x00007ff95d7e0000 - 0x00007ff95d806000 	C:\WINDOWS\System32\bcrypt.dll
0x00007ff95ce50000 - 0x00007ff95ce75000 	C:\WINDOWS\SYSTEM32\USERENV.dll
0x00007ff95c480000 - 0x00007ff95c4ba000 	C:\WINDOWS\SYSTEM32\IPHLPAPI.DLL
0x00007ff95e150000 - 0x00007ff95e158000 	C:\WINDOWS\System32\NSI.dll
0x00007ff953f90000 - 0x00007ff953fa6000 	C:\WINDOWS\SYSTEM32\dhcpcsvc6.DLL
0x00007ff953f20000 - 0x00007ff953f3c000 	C:\WINDOWS\SYSTEM32\dhcpcsvc.DLL
0x00007ff95c4c0000 - 0x00007ff95c58b000 	C:\WINDOWS\SYSTEM32\DNSAPI.dll

VM Arguments:
jvm_args: -XX:MaxMetaspaceSize=256m -XX:+HeapDumpOnOutOfMemoryError -Xms256m -Xmx512m -Dfile.encoding=windows-1252 -Duser.country=US -Duser.language=en -Duser.variant -Xmx512M 
java_command: org.gradle.launcher.daemon.bootstrap.GradleDaemon 5.5
java_class_path (initial): C:\Users\HELLO\.gradle\wrapper\dists\gradle-5.5-all\byeise1led9a3w3p149d02kfj\gradle-5.5\lib\gradle-launcher-5.5.jar
Launcher Type: SUN_STANDARD

Environment Variables:
JAVA_HOME=C:\Program Files\Java\jdk1.8.0_211
_JAVA_OPTIONS=-Xmx512M
CLASSPATH=E:\react_native\Do_An_Co_So\android\\gradle\wrapper\gradle-wrapper.jar
USERNAME=HELLO
OS=Windows_NT
PROCESSOR_IDENTIFIER=Intel64 Family 6 Model 60 Stepping 3, GenuineIntel



---------------  S Y S T E M  ---------------

OS: Windows 10.0 , 64 bit Build 18362 (10.0.18362.900)

CPU:total 4 (initial active 4) (4 cores per cpu, 1 threads per core) family 6 model 60 stepping 3, cmov, cx8, fxsr, mmx, sse, sse2, sse3, ssse3, sse4.1, sse4.2, popcnt, avx, avx2, aes, clmul, erms, lzcnt, tsc, tscinvbit, bmi1, bmi2

Memory: 4k page, physical 8280220k(734196k free), swap 12474524k(64k free)

vm_info: Java HotSpot(TM) 64-Bit Server VM (25.211-b12) for windows-amd64 JRE (1.8.0_211-b12), built on Apr  1 2019 20:53:26 by "java_re" with MS VC++ 10.0 (VS2010)

time: Tue Jul 07 17:25:09 2020
timezone: SE Asia Standard Time
elapsed time: 4 seconds (0d 0h 0m 4s)

